<?xml version="1.0" encoding="UTF-8"?>
<testsuite xmlns:xsi="http://www.w3.org/2001/XMLSchema-instance" xsi:noNamespaceSchemaLocation="https://maven.apache.org/surefire/maven-surefire-plugin/xsd/surefire-test-report-3.0.xsd" version="3.0" name="com.example.dreamjournal.service.DayLogServiceTest" time="0.054" tests="7" errors="0" skipped="0" failures="0">
  <properties>
[...]
</properties>
  <testcase name="getsExistingDay" classname="com.example.dreamjournal.service.DayLogServiceTest" time="0.038"/>
  <testcase name="updatesExistingDayAndPreservesCreatedAt" classname="com.example.dreamjournal.service.DayLogServiceTest" time="0.003">
    <system-out><![CDATA[2026-08-18T21:58:41.202+05:30  INFO 5851 --- [dream-journal-api] [           main] c.e.dreamjournal.service.DayLogService   : operation=upsertDay userId=user-1 date=2026-08-18 status=success durationMs=0
]]></system-out>
  </testcase>
  <testcase name="missingDayThrowsNotFound" classname="com.example.dreamjournal.service.DayLogServiceTest" time="0.001"/>
  <testcase name="deletesDayAndDreams" classname="com.example.dreamjournal.service.DayLogServiceTest" time="0.002">
    <system-out><![CDATA[2026-08-18T21:58:41.206+05:30  INFO 5851 --- [dream-journal-api] [           main] c.e.dreamjournal.service.DayLogService   : operation=deleteDay userId=user-1 date=2026-08-18 status=success durationMs=0
]]></system-out>
  </testcase>
  <testcase name="detailsReturnsDreamsWhenSleepIsMissing" classname="com.example.dreamjournal.service.DayLogServiceTest" time="0.003"/>
  <testcase name="createsNewDay" classname="com.example.dreamjournal.service.DayLogServiceTest" time="0.001">
    <system-out><![CDATA[2026-08-18T21:58:41.212+05:30  INFO 5851 --- [dream-journal-api] [           main] c.e.dreamjournal.service.DayLogService   : operation=upsertDay userId=user-1 date=2026-08-18 status=success durationMs=0
]]></system-out>
  </testcase>
  <testcase name="rejectsInvalidDateAndBlankUserId" classname="com.example.dreamjournal.service.DayLogServiceTest" time="0.0"/>
</testsuite>